<?xml version="1.0" encoding="UTF-8"?>
<testsuite name="games.game2048.TestGame2048Initializer" tests="5" skipped="0" failures="0" errors="0" timestamp="2019-05-05T08:36:06" hostname="yukxudeMacBook-Pro.local" time="0.096">
  <properties/>
  <testcase name="test0" classname="games.game2048.TestGame2048Initializer" time="0.001"/>
  <testcase name="test1" classname="games.game2048.TestGame2048Initializer" time="0.086"/>
  <testcase name="test2" classname="games.game2048.TestGame2048Initializer" time="0.005"/>
  <testcase name="test3" classname="games.game2048.TestGame2048Initializer" time="0.001"/>
  <testcase name="test4" classname="games.game2048.TestGame2048Initializer" time="0.001"/>
  <system-out><![CDATA[]]></system-out>
  <system-err><![CDATA[]]></system-err>
</testsuite>
