<?xml version="1.0" encoding="UTF-8"?>
<testsuite name="games.board.TestSquareBoard" tests="7" skipped="0" failures="0" errors="0" timestamp="2019-05-05T08:36:05" hostname="yukxudeMacBook-Pro.local" time="0.14">
  <properties/>
  <testcase name="testAllCells" classname="games.board.TestSquareBoard" time="0.09"/>
  <testcase name="testRow" classname="games.board.TestSquareBoard" time="0.0"/>
  <testcase name="testRowWrongRange" classname="games.board.TestSquareBoard" time="0.0"/>
  <testcase name="testCell" classname="games.board.TestSquareBoard" time="0.001"/>
  <testcase name="testRowReversed" classname="games.board.TestSquareBoard" time="0.037"/>
  <testcase name="testNeighbour" classname="games.board.TestSquareBoard" time="0.006"/>
  <testcase name="testNoCell" classname="games.board.TestSquareBoard" time="0.0"/>
  <system-out><![CDATA[]]></system-out>
  <system-err><![CDATA[]]></system-err>
</testsuite>
