<?xml version="1.0" encoding="UTF-8"?>
<testsuite name="games.game2048.TestMoveValues" tests="6" skipped="0" failures="0" errors="0" timestamp="2019-05-05T08:36:05" hostname="yukxudeMacBook-Pro.local" time="0.144">
  <properties/>
  <testcase name="testSimpleMove" classname="games.game2048.TestMoveValues" time="0.096"/>
  <testcase name="testSeveralMoves" classname="games.game2048.TestMoveValues" time="0.019"/>
  <testcase name="testMerge" classname="games.game2048.TestMoveValues" time="0.009"/>
  <testcase name="testMovesInSomeRows" classname="games.game2048.TestMoveValues" time="0.003"/>
  <testcase name="testMoveAndMerge" classname="games.game2048.TestMoveValues" time="0.007"/>
  <testcase name="testNoMove" classname="games.game2048.TestMoveValues" time="0.002"/>
  <system-out><![CDATA[]]></system-out>
  <system-err><![CDATA[]]></system-err>
</testsuite>
