<?xml version="1.0" encoding="UTF-8"?>
<testsuite name="board.TestGameBoard" tests="5" skipped="0" failures="0" errors="0" timestamp="2019-02-18T06:56:27" hostname="yukxudeMacBook-Pro.local" time="0.104">
  <properties/>
  <testcase name="testTheSameCell" classname="board.TestGameBoard" time="0.054"/>
  <testcase name="testAll" classname="board.TestGameBoard" time="0.002"/>
  <testcase name="testAny" classname="board.TestGameBoard" time="0.039"/>
  <testcase name="testGetAndSetElement" classname="board.TestGameBoard" time="0.0"/>
  <testcase name="testFilter" classname="board.TestGameBoard" time="0.002"/>
  <system-out><![CDATA[]]></system-out>
  <system-err><![CDATA[]]></system-err>
</testsuite>
