<?xml version="1.0" encoding="UTF-8"?>
<testsuite name="rationals.TestRationals" tests="11" skipped="0" failures="0" errors="0" timestamp="2019-02-14T23:58:51" hostname="yukxudeMacBook-Pro.local" time="0.028">
  <properties/>
  <testcase name="test11BigInteger" classname="rationals.TestRationals" time="0.008"/>
  <testcase name="test5Negation" classname="rationals.TestRationals" time="0.001"/>
  <testcase name="test4Quotient" classname="rationals.TestRationals" time="0.0"/>
  <testcase name="test1Sum" classname="rationals.TestRationals" time="0.0"/>
  <testcase name="test6Integer" classname="rationals.TestRationals" time="0.0"/>
  <testcase name="test9InRange" classname="rationals.TestRationals" time="0.001"/>
  <testcase name="test10Long" classname="rationals.TestRationals" time="0.0"/>
  <testcase name="test3Product" classname="rationals.TestRationals" time="0.0"/>
  <testcase name="test7NormalizedForm" classname="rationals.TestRationals" time="0.012"/>
  <testcase name="test8Comparison" classname="rationals.TestRationals" time="0.0"/>
  <testcase name="test2Difference" classname="rationals.TestRationals" time="0.001"/>
  <system-out><![CDATA[]]></system-out>
  <system-err><![CDATA[]]></system-err>
</testsuite>
