<?xml version="1.0" encoding="UTF-8"?>
<testsuite name="nicestring.TestNiceStrings" tests="5" skipped="0" failures="0" errors="0" timestamp="2019-02-07T09:00:39" hostname="yukxudeMacBook-Pro.local" time="0.039">
  <properties/>
  <testcase name="testExample1" classname="nicestring.TestNiceStrings" time="0.035"/>
  <testcase name="testExample2" classname="nicestring.TestNiceStrings" time="0.001"/>
  <testcase name="testExample3" classname="nicestring.TestNiceStrings" time="0.001"/>
  <testcase name="testExample4" classname="nicestring.TestNiceStrings" time="0.001"/>
  <testcase name="testExample5" classname="nicestring.TestNiceStrings" time="0.0"/>
  <system-out><![CDATA[]]></system-out>
  <system-err><![CDATA[]]></system-err>
</testsuite>
