<?xml version="1.0" encoding="UTF-8"?>
<testsuite name="mastermind.MastermindTests" tests="7" skipped="0" failures="0" errors="0" timestamp="2019-02-03T07:09:09" hostname="yukxudeMacBook-Pro.local" time="0.03">
  <properties/>
  <testcase name="testOnlyWrongPositions" classname="mastermind.MastermindTests" time="0.011"/>
  <testcase name="testEqual" classname="mastermind.MastermindTests" time="0.001"/>
  <testcase name="testSwap" classname="mastermind.MastermindTests" time="0.001"/>
  <testcase name="testSameLetters" classname="mastermind.MastermindTests" time="0.002"/>
  <testcase name="testRightPositions" classname="mastermind.MastermindTests" time="0.003"/>
  <testcase name="testRightPosition" classname="mastermind.MastermindTests" time="0.0"/>
  <testcase name="testWrongPositions" classname="mastermind.MastermindTests" time="0.0"/>
  <system-out><![CDATA[]]></system-out>
  <system-err><![CDATA[]]></system-err>
</testsuite>
