<?xml version="1.0" encoding="UTF-8"?>
<testsuite name="taxipark.TestTaxiPark" tests="8" skipped="0" failures="0" errors="0" timestamp="2019-02-07T09:09:24" hostname="yukxudeMacBook-Pro.local" time="0.093">
  <properties/>
  <testcase name="testFakeDrivers" classname="taxipark.TestTaxiPark" time="0.055"/>
  <testcase name="testParetoPrincipleNoTrips" classname="taxipark.TestTaxiPark" time="0.004"/>
  <testcase name="testParetoPrincipleSucceeds" classname="taxipark.TestTaxiPark" time="0.013"/>
  <testcase name="testParetoPrincipleFails" classname="taxipark.TestTaxiPark" time="0.001"/>
  <testcase name="testFrequentPassengers" classname="taxipark.TestTaxiPark" time="0.005"/>
  <testcase name="testSmartPassengers" classname="taxipark.TestTaxiPark" time="0.001"/>
  <testcase name="testTheMostFrequentTripDuration" classname="taxipark.TestTaxiPark" time="0.002"/>
  <testcase name="testFaithfulPassengers" classname="taxipark.TestTaxiPark" time="0.001"/>
  <system-out><![CDATA[]]></system-out>
  <system-err><![CDATA[]]></system-err>
</testsuite>
